DEB [20181008-15:08:36.516] thr=1   paramiko.transport: starting thread (client mode): 0x17311310L
DEB [20181008-15:08:36.517] thr=1   paramiko.transport: Local version/idstring: SSH-2.0-paramiko_2.4.2
DEB [20181008-15:08:37.667] thr=1   paramiko.transport: Remote version/idstring: SSH-2.0-OpenSSH_12.1
INF [20181008-15:08:37.668] thr=1   paramiko.transport: Connected (version 2.0, client OpenSSH_12.1)
DEB [20181008-15:08:37.668] thr=1   paramiko.transport: kex algos:[u'ecdh-sha2-nistp256', u'ecdh-sha2-nistp384', u'ecdh-sha2-nistp521', u'diffie-hellman-group-exchange-sha256', u'diffie-hellman-group14-sha1', u'diffie-hellman-group-exchange-sha1', u'diffie-hellman-group1-sha1'] server key:[u'ssh-rsa'] client encrypt:[u'aes128-ctr', u'aes192-ctr', u'aes256-ctr', u'arcfour256', u'arcfour128', u'aes128-gcm@openssh.com', u'aes256-gcm@openssh.com', u'aes128-cbc', u'3des-cbc', u'blowfish-cbc', u'cast128-cbc', u'aes192-cbc', u'aes256-cbc', u'arcfour', u'rijndael-cbc@lysator.liu.se'] server encrypt:[u'aes128-ctr', u'aes192-ctr', u'aes256-ctr', u'arcfour256', u'arcfour128', u'aes128-gcm@openssh.com', u'aes256-gcm@openssh.com', u'aes128-cbc', u'3des-cbc', u'blowfish-cbc', u'cast128-cbc', u'aes192-cbc', u'aes256-cbc', u'arcfour', u'rijndael-cbc@lysator.liu.se'] client mac:[u'hmac-md5-etm@openssh.com', u'hmac-sha1-etm@openssh.com', u'umac-64-etm@openssh.com', u'umac-128-etm@openssh.com', u'hmac-sha2-256-etm@openssh.com', u'hmac-sha2-512-etm@openssh.com', u'hmac-ripemd160-etm@openssh.com', u'hmac-sha1-96-etm@openssh.com', u'hmac-md5-96-etm@openssh.com', u'hmac-md5', u'hmac-sha1', u'umac-64@openssh.com', u'umac-128@openssh.com', u'hmac-sha2-256', u'hmac-sha2-512', u'hmac-ripemd160', u'hmac-ripemd160@openssh.com', u'hmac-sha1-96', u'hmac-md5-96'] server mac:[u'hmac-md5-etm@openssh.com', u'hmac-sha1-etm@openssh.com', u'umac-64-etm@openssh.com', u'umac-128-etm@openssh.com', u'hmac-sha2-256-etm@openssh.com', u'hmac-sha2-512-etm@openssh.com', u'hmac-ripemd160-etm@openssh.com', u'hmac-sha1-96-etm@openssh.com', u'hmac-md5-96-etm@openssh.com', u'hmac-md5', u'hmac-sha1', u'umac-64@openssh.com', u'umac-128@openssh.com', u'hmac-sha2-256', u'hmac-sha2-512', u'hmac-ripemd160', u'hmac-ripemd160@openssh.com', u'hmac-sha1-96', u'hmac-md5-96'] client compress:[u'none', u'zlib@openssh.com'] server compress:[u'none', u'zlib@openssh.com'] client lang:[u''] server lang:[u''] kex follows?False
DEB [20181008-15:08:37.669] thr=1   paramiko.transport: Kex agreed: ecdh-sha2-nistp256
DEB [20181008-15:08:37.669] thr=1   paramiko.transport: HostKey agreed: ssh-rsa
DEB [20181008-15:08:37.669] thr=1   paramiko.transport: Cipher agreed: aes128-ctr
DEB [20181008-15:08:37.669] thr=1   paramiko.transport: MAC agreed: hmac-sha2-256
DEB [20181008-15:08:37.669] thr=1   paramiko.transport: Compression agreed: none
DEB [20181008-15:08:37.675] thr=1   paramiko.transport: kex engine KexNistp256 specified hash_algo <built-in function openssl_sha256>
DEB [20181008-15:08:37.675] thr=1   paramiko.transport: Switch to new keys ...
DEB [20181008-15:08:37.682] thr=2   paramiko.transport: Adding ssh-rsa host key for 54.76.62.30: 42067d2106c18e12bea87e20c749b751
DEB [20181008-15:08:37.682] thr=2   paramiko.transport: Trying SSH key 00f61788e393a3c2d4ba277f33365296
DEB [20181008-15:08:37.726] thr=1   paramiko.transport: userauth is OK
INF [20181008-15:08:37.756] thr=1   paramiko.transport: Authentication (publickey) successful!
DEB [20181008-15:08:37.783] thr=2   paramiko.transport: [chan 0] Max packet in: 32768 bytes
DEB [20181008-15:08:37.783] thr=1   paramiko.transport: [chan 0] Max packet out: 32768 bytes
DEB [20181008-15:08:37.784] thr=1   paramiko.transport: Secsh channel 0 opened.
DEB [20181008-15:08:37.785] thr=1   paramiko.transport: [chan 0] Sesch channel 0 request ok
DEB [20181008-15:08:37.786] thr=1   paramiko.transport: [chan 0] Sesch channel 0 request ok
DEB [20181008-15:08:40.328] thr=1   paramiko.transport: EOF in transport thread
DEB [20181008-15:10:31.358] thr=1   paramiko.transport: starting thread (client mode): 0x7e8ce310L
DEB [20181008-15:10:31.359] thr=1   paramiko.transport: Local version/idstring: SSH-2.0-paramiko_2.4.2
DEB [20181008-15:10:32.477] thr=1   paramiko.transport: Remote version/idstring: SSH-2.0-OpenSSH_12.1
INF [20181008-15:10:32.477] thr=1   paramiko.transport: Connected (version 2.0, client OpenSSH_12.1)
DEB [20181008-15:10:32.480] thr=1   paramiko.transport: kex algos:[u'ecdh-sha2-nistp256', u'ecdh-sha2-nistp384', u'ecdh-sha2-nistp521', u'diffie-hellman-group-exchange-sha256', u'diffie-hellman-group14-sha1', u'diffie-hellman-group-exchange-sha1', u'diffie-hellman-group1-sha1'] server key:[u'ssh-rsa'] client encrypt:[u'aes128-ctr', u'aes192-ctr', u'aes256-ctr', u'arcfour256', u'arcfour128', u'aes128-gcm@openssh.com', u'aes256-gcm@openssh.com', u'aes128-cbc', u'3des-cbc', u'blowfish-cbc', u'cast128-cbc', u'aes192-cbc', u'aes256-cbc', u'arcfour', u'rijndael-cbc@lysator.liu.se'] server encrypt:[u'aes128-ctr', u'aes192-ctr', u'aes256-ctr', u'arcfour256', u'arcfour128', u'aes128-gcm@openssh.com', u'aes256-gcm@openssh.com', u'aes128-cbc', u'3des-cbc', u'blowfish-cbc', u'cast128-cbc', u'aes192-cbc', u'aes256-cbc', u'arcfour', u'rijndael-cbc@lysator.liu.se'] client mac:[u'hmac-md5-etm@openssh.com', u'hmac-sha1-etm@openssh.com', u'umac-64-etm@openssh.com', u'umac-128-etm@openssh.com', u'hmac-sha2-256-etm@openssh.com', u'hmac-sha2-512-etm@openssh.com', u'hmac-ripemd160-etm@openssh.com', u'hmac-sha1-96-etm@openssh.com', u'hmac-md5-96-etm@openssh.com', u'hmac-md5', u'hmac-sha1', u'umac-64@openssh.com', u'umac-128@openssh.com', u'hmac-sha2-256', u'hmac-sha2-512', u'hmac-ripemd160', u'hmac-ripemd160@openssh.com', u'hmac-sha1-96', u'hmac-md5-96'] server mac:[u'hmac-md5-etm@openssh.com', u'hmac-sha1-etm@openssh.com', u'umac-64-etm@openssh.com', u'umac-128-etm@openssh.com', u'hmac-sha2-256-etm@openssh.com', u'hmac-sha2-512-etm@openssh.com', u'hmac-ripemd160-etm@openssh.com', u'hmac-sha1-96-etm@openssh.com', u'hmac-md5-96-etm@openssh.com', u'hmac-md5', u'hmac-sha1', u'umac-64@openssh.com', u'umac-128@openssh.com', u'hmac-sha2-256', u'hmac-sha2-512', u'hmac-ripemd160', u'hmac-ripemd160@openssh.com', u'hmac-sha1-96', u'hmac-md5-96'] client compress:[u'none', u'zlib@openssh.com'] server compress:[u'none', u'zlib@openssh.com'] client lang:[u''] server lang:[u''] kex follows?False
DEB [20181008-15:10:32.480] thr=1   paramiko.transport: Kex agreed: ecdh-sha2-nistp256
DEB [20181008-15:10:32.480] thr=1   paramiko.transport: HostKey agreed: ssh-rsa
DEB [20181008-15:10:32.480] thr=1   paramiko.transport: Cipher agreed: aes128-ctr
DEB [20181008-15:10:32.480] thr=1   paramiko.transport: MAC agreed: hmac-sha2-256
DEB [20181008-15:10:32.480] thr=1   paramiko.transport: Compression agreed: none
DEB [20181008-15:10:32.486] thr=1   paramiko.transport: kex engine KexNistp256 specified hash_algo <built-in function openssl_sha256>
DEB [20181008-15:10:32.486] thr=1   paramiko.transport: Switch to new keys ...
DEB [20181008-15:10:32.492] thr=2   paramiko.transport: Adding ssh-rsa host key for 54.76.62.30: 42067d2106c18e12bea87e20c749b751
DEB [20181008-15:10:32.492] thr=2   paramiko.transport: Trying SSH key 00f61788e393a3c2d4ba277f33365296
DEB [20181008-15:10:32.535] thr=1   paramiko.transport: userauth is OK
INF [20181008-15:10:32.566] thr=1   paramiko.transport: Authentication (publickey) successful!
DEB [20181008-15:10:32.593] thr=2   paramiko.transport: [chan 0] Max packet in: 32768 bytes
DEB [20181008-15:10:32.594] thr=1   paramiko.transport: [chan 0] Max packet out: 32768 bytes
DEB [20181008-15:10:32.594] thr=1   paramiko.transport: Secsh channel 0 opened.
DEB [20181008-15:10:32.595] thr=1   paramiko.transport: [chan 0] Sesch channel 0 request ok
DEB [20181008-15:10:32.596] thr=1   paramiko.transport: [chan 0] Sesch channel 0 request ok
DEB [20181008-15:10:35.130] thr=1   paramiko.transport: EOF in transport thread
DEB [20181008-15:23:14.160] thr=1   paramiko.transport: starting thread (client mode): 0x6f3d5310L
DEB [20181008-15:23:14.160] thr=1   paramiko.transport: Local version/idstring: SSH-2.0-paramiko_2.4.2
DEB [20181008-15:23:15.235] thr=1   paramiko.transport: Remote version/idstring: SSH-2.0-OpenSSH_12.1
INF [20181008-15:23:15.235] thr=1   paramiko.transport: Connected (version 2.0, client OpenSSH_12.1)
DEB [20181008-15:23:15.236] thr=1   paramiko.transport: kex algos:[u'ecdh-sha2-nistp256', u'ecdh-sha2-nistp384', u'ecdh-sha2-nistp521', u'diffie-hellman-group-exchange-sha256', u'diffie-hellman-group14-sha1', u'diffie-hellman-group-exchange-sha1', u'diffie-hellman-group1-sha1'] server key:[u'ssh-rsa'] client encrypt:[u'aes128-ctr', u'aes192-ctr', u'aes256-ctr', u'arcfour256', u'arcfour128', u'aes128-gcm@openssh.com', u'aes256-gcm@openssh.com', u'aes128-cbc', u'3des-cbc', u'blowfish-cbc', u'cast128-cbc', u'aes192-cbc', u'aes256-cbc', u'arcfour', u'rijndael-cbc@lysator.liu.se'] server encrypt:[u'aes128-ctr', u'aes192-ctr', u'aes256-ctr', u'arcfour256', u'arcfour128', u'aes128-gcm@openssh.com', u'aes256-gcm@openssh.com', u'aes128-cbc', u'3des-cbc', u'blowfish-cbc', u'cast128-cbc', u'aes192-cbc', u'aes256-cbc', u'arcfour', u'rijndael-cbc@lysator.liu.se'] client mac:[u'hmac-md5-etm@openssh.com', u'hmac-sha1-etm@openssh.com', u'umac-64-etm@openssh.com', u'umac-128-etm@openssh.com', u'hmac-sha2-256-etm@openssh.com', u'hmac-sha2-512-etm@openssh.com', u'hmac-ripemd160-etm@openssh.com', u'hmac-sha1-96-etm@openssh.com', u'hmac-md5-96-etm@openssh.com', u'hmac-md5', u'hmac-sha1', u'umac-64@openssh.com', u'umac-128@openssh.com', u'hmac-sha2-256', u'hmac-sha2-512', u'hmac-ripemd160', u'hmac-ripemd160@openssh.com', u'hmac-sha1-96', u'hmac-md5-96'] server mac:[u'hmac-md5-etm@openssh.com', u'hmac-sha1-etm@openssh.com', u'umac-64-etm@openssh.com', u'umac-128-etm@openssh.com', u'hmac-sha2-256-etm@openssh.com', u'hmac-sha2-512-etm@openssh.com', u'hmac-ripemd160-etm@openssh.com', u'hmac-sha1-96-etm@openssh.com', u'hmac-md5-96-etm@openssh.com', u'hmac-md5', u'hmac-sha1', u'umac-64@openssh.com', u'umac-128@openssh.com', u'hmac-sha2-256', u'hmac-sha2-512', u'hmac-ripemd160', u'hmac-ripemd160@openssh.com', u'hmac-sha1-96', u'hmac-md5-96'] client compress:[u'none', u'zlib@openssh.com'] server compress:[u'none', u'zlib@openssh.com'] client lang:[u''] server lang:[u''] kex follows?False
DEB [20181008-15:23:15.236] thr=1   paramiko.transport: Kex agreed: ecdh-sha2-nistp256
DEB [20181008-15:23:15.236] thr=1   paramiko.transport: HostKey agreed: ssh-rsa
DEB [20181008-15:23:15.236] thr=1   paramiko.transport: Cipher agreed: aes128-ctr
DEB [20181008-15:23:15.236] thr=1   paramiko.transport: MAC agreed: hmac-sha2-256
DEB [20181008-15:23:15.236] thr=1   paramiko.transport: Compression agreed: none
DEB [20181008-15:23:15.241] thr=1   paramiko.transport: kex engine KexNistp256 specified hash_algo <built-in function openssl_sha256>
DEB [20181008-15:23:15.242] thr=1   paramiko.transport: Switch to new keys ...
DEB [20181008-15:23:15.262] thr=2   paramiko.transport: Adding ssh-rsa host key for 54.76.62.30: 42067d2106c18e12bea87e20c749b751
DEB [20181008-15:23:15.262] thr=2   paramiko.transport: Trying SSH key 00f61788e393a3c2d4ba277f33365296
DEB [20181008-15:23:15.278] thr=1   paramiko.transport: userauth is OK
INF [20181008-15:23:15.316] thr=1   paramiko.transport: Authentication (publickey) successful!
DEB [20181008-15:23:15.326] thr=2   paramiko.transport: [chan 0] Max packet in: 32768 bytes
DEB [20181008-15:23:15.327] thr=1   paramiko.transport: [chan 0] Max packet out: 32768 bytes
DEB [20181008-15:23:15.327] thr=1   paramiko.transport: Secsh channel 0 opened.
DEB [20181008-15:23:15.328] thr=1   paramiko.transport: [chan 0] Sesch channel 0 request ok
DEB [20181008-15:23:15.329] thr=1   paramiko.transport: [chan 0] Sesch channel 0 request ok
DEB [20181008-15:23:17.804] thr=1   paramiko.transport: EOF in transport thread
DEB [20181008-15:25:07.682] thr=1   paramiko.transport: starting thread (client mode): 0x32a05310L
DEB [20181008-15:25:07.682] thr=1   paramiko.transport: Local version/idstring: SSH-2.0-paramiko_2.4.2
DEB [20181008-15:25:08.770] thr=1   paramiko.transport: Remote version/idstring: SSH-2.0-OpenSSH_12.1
INF [20181008-15:25:08.770] thr=1   paramiko.transport: Connected (version 2.0, client OpenSSH_12.1)
DEB [20181008-15:25:08.771] thr=1   paramiko.transport: kex algos:[u'ecdh-sha2-nistp256', u'ecdh-sha2-nistp384', u'ecdh-sha2-nistp521', u'diffie-hellman-group-exchange-sha256', u'diffie-hellman-group14-sha1', u'diffie-hellman-group-exchange-sha1', u'diffie-hellman-group1-sha1'] server key:[u'ssh-rsa'] client encrypt:[u'aes128-ctr', u'aes192-ctr', u'aes256-ctr', u'arcfour256', u'arcfour128', u'aes128-gcm@openssh.com', u'aes256-gcm@openssh.com', u'aes128-cbc', u'3des-cbc', u'blowfish-cbc', u'cast128-cbc', u'aes192-cbc', u'aes256-cbc', u'arcfour', u'rijndael-cbc@lysator.liu.se'] server encrypt:[u'aes128-ctr', u'aes192-ctr', u'aes256-ctr', u'arcfour256', u'arcfour128', u'aes128-gcm@openssh.com', u'aes256-gcm@openssh.com', u'aes128-cbc', u'3des-cbc', u'blowfish-cbc', u'cast128-cbc', u'aes192-cbc', u'aes256-cbc', u'arcfour', u'rijndael-cbc@lysator.liu.se'] client mac:[u'hmac-md5-etm@openssh.com', u'hmac-sha1-etm@openssh.com', u'umac-64-etm@openssh.com', u'umac-128-etm@openssh.com', u'hmac-sha2-256-etm@openssh.com', u'hmac-sha2-512-etm@openssh.com', u'hmac-ripemd160-etm@openssh.com', u'hmac-sha1-96-etm@openssh.com', u'hmac-md5-96-etm@openssh.com', u'hmac-md5', u'hmac-sha1', u'umac-64@openssh.com', u'umac-128@openssh.com', u'hmac-sha2-256', u'hmac-sha2-512', u'hmac-ripemd160', u'hmac-ripemd160@openssh.com', u'hmac-sha1-96', u'hmac-md5-96'] server mac:[u'hmac-md5-etm@openssh.com', u'hmac-sha1-etm@openssh.com', u'umac-64-etm@openssh.com', u'umac-128-etm@openssh.com', u'hmac-sha2-256-etm@openssh.com', u'hmac-sha2-512-etm@openssh.com', u'hmac-ripemd160-etm@openssh.com', u'hmac-sha1-96-etm@openssh.com', u'hmac-md5-96-etm@openssh.com', u'hmac-md5', u'hmac-sha1', u'umac-64@openssh.com', u'umac-128@openssh.com', u'hmac-sha2-256', u'hmac-sha2-512', u'hmac-ripemd160', u'hmac-ripemd160@openssh.com', u'hmac-sha1-96', u'hmac-md5-96'] client compress:[u'none', u'zlib@openssh.com'] server compress:[u'none', u'zlib@openssh.com'] client lang:[u''] server lang:[u''] kex follows?False
DEB [20181008-15:25:08.771] thr=1   paramiko.transport: Kex agreed: ecdh-sha2-nistp256
DEB [20181008-15:25:08.771] thr=1   paramiko.transport: HostKey agreed: ssh-rsa
DEB [20181008-15:25:08.771] thr=1   paramiko.transport: Cipher agreed: aes128-ctr
DEB [20181008-15:25:08.771] thr=1   paramiko.transport: MAC agreed: hmac-sha2-256
DEB [20181008-15:25:08.771] thr=1   paramiko.transport: Compression agreed: none
DEB [20181008-15:25:08.776] thr=1   paramiko.transport: kex engine KexNistp256 specified hash_algo <built-in function openssl_sha256>
DEB [20181008-15:25:08.777] thr=1   paramiko.transport: Switch to new keys ...
DEB [20181008-15:25:08.784] thr=2   paramiko.transport: Adding ssh-rsa host key for 54.76.62.30: 42067d2106c18e12bea87e20c749b751
DEB [20181008-15:25:08.784] thr=2   paramiko.transport: Trying SSH key 00f61788e393a3c2d4ba277f33365296
DEB [20181008-15:25:08.807] thr=1   paramiko.transport: userauth is OK
INF [20181008-15:25:08.837] thr=1   paramiko.transport: Authentication (publickey) successful!
DEB [20181008-15:25:08.848] thr=2   paramiko.transport: [chan 0] Max packet in: 32768 bytes
DEB [20181008-15:25:08.849] thr=1   paramiko.transport: [chan 0] Max packet out: 32768 bytes
DEB [20181008-15:25:08.849] thr=1   paramiko.transport: Secsh channel 0 opened.
DEB [20181008-15:25:08.850] thr=1   paramiko.transport: [chan 0] Sesch channel 0 request ok
DEB [20181008-15:25:08.851] thr=1   paramiko.transport: [chan 0] Sesch channel 0 request ok
DEB [20181008-15:25:11.232] thr=1   paramiko.transport: EOF in transport thread
